2025-06-12 14:16:48,190 INFO: Aplicación iniciada [in C:\Users\Benllis\Desktop\ApiEv\transbank\app\__init__.py:27]
2025-06-12 14:16:54,579 INFO: Aplicación iniciada [in C:\Users\Benllis\Desktop\ApiEv\transbank\app\__init__.py:27]
2025-06-12 14:17:11,682 INFO: Iniciando proceso de pago [in C:\Users\Benllis\Desktop\ApiEv\transbank\app\routes.py:23]
2025-06-12 14:17:11,693 INFO: Datos de transacción - Monto: 2400000, Orden: TEST_20250612141711, Sesión: SESSION_1749752231.693086 [in C:\Users\Benllis\Desktop\ApiEv\transbank\app\routes.py:30]
2025-06-12 14:17:11,693 INFO: URL de retorno: http://localhost:5000/payment-result [in C:\Users\Benllis\Desktop\ApiEv\transbank\app\routes.py:31]
2025-06-12 14:17:12,095 INFO: Respuesta de WebPay recibida correctamente [in C:\Users\Benllis\Desktop\ApiEv\transbank\app\routes.py:41]
2025-06-12 14:17:12,095 INFO: URL de redirección: https://webpay3gint.transbank.cl/webpayserver/initTransaction [in C:\Users\Benllis\Desktop\ApiEv\transbank\app\routes.py:42]
2025-06-12 14:17:12,096 INFO: Token: https://webpay3gint.transbank.cl/webpayserver/initTransaction?token_ws=01abbf1740bf0fe39068f7480b8143462c254c8d30c9c1a5bd2ee5723a58406f [in C:\Users\Benllis\Desktop\ApiEv\transbank\app\routes.py:43]
2025-06-18 23:58:24,251 INFO: Aplicación iniciada [in C:\Users\Benllis\Desktop\appi\transbank\app\__init__.py:27]
2025-06-18 23:58:26,324 INFO: Aplicación iniciada [in C:\Users\Benllis\Desktop\appi\transbank\app\__init__.py:27]
2025-06-18 23:58:55,441 INFO: Iniciando proceso de pago [in C:\Users\Benllis\Desktop\appi\transbank\app\routes.py:23]
2025-06-18 23:58:55,442 INFO: Datos de transacción - Monto: 45000, Orden: TEST_20250618235855, Sesión: SESSION_1750305535.442836 [in C:\Users\Benllis\Desktop\appi\transbank\app\routes.py:30]
2025-06-18 23:58:55,447 INFO: URL de retorno: http://localhost:5000/payment-result [in C:\Users\Benllis\Desktop\appi\transbank\app\routes.py:31]
2025-06-18 23:58:55,657 INFO: Respuesta de WebPay recibida correctamente [in C:\Users\Benllis\Desktop\appi\transbank\app\routes.py:41]
2025-06-18 23:58:55,658 INFO: URL de redirección: https://webpay3gint.transbank.cl/webpayserver/initTransaction [in C:\Users\Benllis\Desktop\appi\transbank\app\routes.py:42]
2025-06-18 23:58:55,658 INFO: Token: https://webpay3gint.transbank.cl/webpayserver/initTransaction?token_ws=01abdaf19b2a817c03b4d27ea606d30e043a1fe4c4eef182756c4670b1ca695c [in C:\Users\Benllis\Desktop\appi\transbank\app\routes.py:43]
2025-06-19 00:16:54,909 INFO: Aplicación iniciada [in C:\Users\Benllis\Desktop\appiFunciona\transbank\app\__init__.py:27]
2025-06-19 00:16:56,813 INFO: Aplicación iniciada [in C:\Users\Benllis\Desktop\appiFunciona\transbank\app\__init__.py:27]
2025-06-19 00:17:22,840 INFO: Iniciando proceso de pago [in C:\Users\Benllis\Desktop\appiFunciona\transbank\app\routes.py:23]
2025-06-19 00:17:22,842 INFO: Datos de transacción - Monto: 124000, Orden: TEST_20250619001722, Sesión: SESSION_1750306642.842925 [in C:\Users\Benllis\Desktop\appiFunciona\transbank\app\routes.py:30]
2025-06-19 00:17:22,843 INFO: URL de retorno: http://localhost:5000/payment-result [in C:\Users\Benllis\Desktop\appiFunciona\transbank\app\routes.py:31]
2025-06-19 00:17:23,075 INFO: Respuesta de WebPay recibida correctamente [in C:\Users\Benllis\Desktop\appiFunciona\transbank\app\routes.py:41]
2025-06-19 00:17:23,076 INFO: URL de redirección: https://webpay3gint.transbank.cl/webpayserver/initTransaction [in C:\Users\Benllis\Desktop\appiFunciona\transbank\app\routes.py:42]
2025-06-19 00:17:23,077 INFO: Token: https://webpay3gint.transbank.cl/webpayserver/initTransaction?token_ws=01ab86594c65b4478ffc60a1250c60e628e4e65e008ef419d1cbb3f190dce122 [in C:\Users\Benllis\Desktop\appiFunciona\transbank\app\routes.py:43]
